2021-12-21 08:04:00 [main] [send] [27] ERROR zvezdina.bodyartsalon.model.util.MailSender - Failed to load properties from file mail.properties: java.io.FileNotFoundException: mail.properties (The system cannot find the file specified)
2021-12-21 08:04:00 [main] [send] [36] WARN  zvezdina.bodyartsalon.model.util.MailSender - Error generating or sending message: 
com.sun.mail.util.MailConnectException: Couldn't connect to host, port: localhost, 25; timeout -1
	at com.sun.mail.smtp.SMTPTransport.openServer(SMTPTransport.java:2209) ~[javax.mail-1.6.2.jar:1.6.2]
	at com.sun.mail.smtp.SMTPTransport.protocolConnect(SMTPTransport.java:740) ~[javax.mail-1.6.2.jar:1.6.2]
	at javax.mail.Service.connect(Service.java:366) ~[javax.mail-1.6.2.jar:1.6.2]
	at javax.mail.Service.connect(Service.java:246) ~[javax.mail-1.6.2.jar:1.6.2]
	at javax.mail.Service.connect(Service.java:195) ~[javax.mail-1.6.2.jar:1.6.2]
	at javax.mail.Transport.send0(Transport.java:254) ~[javax.mail-1.6.2.jar:1.6.2]
	at javax.mail.Transport.send(Transport.java:124) ~[javax.mail-1.6.2.jar:1.6.2]
	at by.zvezdina.bodyartsalon.model.util.MailSender.send(MailSender.java:32) [classes/:?]
	at by.zvezdina.bodyartsalon.main.Demo.main(Demo.java:23) [classes/:?]
Caused by: java.net.ConnectException: Connection refused: connect
	at sun.nio.ch.Net.connect0(Native Method) ~[?:?]
	at sun.nio.ch.Net.connect(Net.java:579) ~[?:?]
	at sun.nio.ch.Net.connect(Net.java:568) ~[?:?]
	at sun.nio.ch.NioSocketImpl.connect(NioSocketImpl.java:588) ~[?:?]
	at java.net.SocksSocketImpl.connect(SocksSocketImpl.java:327) ~[?:?]
	at java.net.Socket.connect(Socket.java:633) ~[?:?]
	at java.net.Socket.connect(Socket.java:583) ~[?:?]
	at com.sun.mail.util.SocketFetcher.createSocket(SocketFetcher.java:359) ~[javax.mail-1.6.2.jar:1.6.2]
	at com.sun.mail.util.SocketFetcher.getSocket(SocketFetcher.java:238) ~[javax.mail-1.6.2.jar:1.6.2]
	at com.sun.mail.smtp.SMTPTransport.openServer(SMTPTransport.java:2175) ~[javax.mail-1.6.2.jar:1.6.2]
	... 8 more
